<?xml version="1.0" encoding="UTF-8"?>
<!-- Generated by org.testng.reporters.JUnitReportReporter -->
<testsuite hostname="DESKTOP-P8K71CG" failures="0" tests="1" name="com.ShoppingApplication.scripts.AddingProductCart" time="57.795" errors="0" timestamp="13 Jun 2021 15:00:47 GMT" skipped="0">
  <testcase classname="com.ShoppingApplication.scripts.AddingProductCart" name="addingProductcart" time="57.795"/>
</testsuite> <!-- com.ShoppingApplication.scripts.AddingProductCart -->
